mode: atomic
github.com/respondnow/respondnow/server/api/routes/base_router.go:10.42,14.2 3 0
github.com/respondnow/respondnow/server/api/routes/metric_router.go:8.44,10.2 1 0
github.com/respondnow/respondnow/server/api/handlers/base_handler.go:27.38,28.30 1 0
github.com/respondnow/respondnow/server/api/handlers/base_handler.go:28.30,30.3 1 0
github.com/respondnow/respondnow/server/api/handlers/base_handler.go:53.40,54.30 1 0
github.com/respondnow/respondnow/server/api/handlers/base_handler.go:54.30,57.17 3 0
github.com/respondnow/respondnow/server/api/handlers/base_handler.go:57.17,65.4 3 0
github.com/respondnow/respondnow/server/api/handlers/base_handler.go:67.3,67.40 1 0
github.com/respondnow/respondnow/server/api/middleware/logger.go:12.48,14.2 1 0
github.com/respondnow/respondnow/server/api/middleware/logger.go:18.62,19.30 1 0
github.com/respondnow/respondnow/server/api/middleware/logger.go:19.30,33.34 8 0
github.com/respondnow/respondnow/server/api/middleware/logger.go:33.34,35.4 1 0
github.com/respondnow/respondnow/server/api/middleware/logger.go:37.3,42.16 6 0
github.com/respondnow/respondnow/server/api/middleware/logger.go:42.16,44.4 1 0
github.com/respondnow/respondnow/server/api/middleware/logger.go:45.3,57.31 3 0
github.com/respondnow/respondnow/server/api/middleware/logger.go:57.31,59.4 1 0
github.com/respondnow/respondnow/server/api/middleware/logger.go:59.9,61.4 1 0
github.com/respondnow/respondnow/server/api/middleware/prometheus.go:11.49,12.30 1 0
github.com/respondnow/respondnow/server/api/middleware/prometheus.go:12.30,22.20 5 0
github.com/respondnow/respondnow/server/api/middleware/prometheus.go:22.20,24.4 1 0
github.com/respondnow/respondnow/server/api/middleware/prometheus.go:26.3,26.36 1 0
github.com/respondnow/respondnow/server/api/middleware/prometheus.go:26.36,28.4 1 0
github.com/respondnow/respondnow/server/api/middleware/prometheus.go:30.3,30.20 1 0
github.com/respondnow/respondnow/server/api/middleware/prometheus.go:30.20,32.4 1 0
github.com/respondnow/respondnow/server/api/middleware/prometheus.go:36.53,37.30 1 0
github.com/respondnow/respondnow/server/api/middleware/prometheus.go:37.30,44.3 5 0
github.com/respondnow/respondnow/server/entry.go:23.14,24.30 1 0
github.com/respondnow/respondnow/server/entry.go:24.30,26.3 1 0
github.com/respondnow/respondnow/server/entry.go:29.18,38.16 6 0
github.com/respondnow/respondnow/server/entry.go:38.16,40.3 1 0
github.com/respondnow/respondnow/server/entry.go:42.2,55.18 10 0
github.com/respondnow/respondnow/server/entry.go:58.19,59.65 1 0
github.com/respondnow/respondnow/server/entry.go:59.65,61.3 1 0
github.com/respondnow/respondnow/server/entry.go:63.2,63.45 1 0
github.com/respondnow/respondnow/server/entry.go:63.45,65.3 1 0
github.com/respondnow/respondnow/server/entry.go:68.48,73.2 4 0
github.com/respondnow/respondnow/server/entry.go:75.33,80.2 4 0
github.com/respondnow/respondnow/server/entry.go:82.49,83.45 1 0
github.com/respondnow/respondnow/server/entry.go:83.45,85.3 1 0
github.com/respondnow/respondnow/server/entry.go:87.2,90.35 3 0
github.com/respondnow/respondnow/server/entry.go:90.35,95.3 1 0
github.com/respondnow/respondnow/server/entry.go:97.2,98.32 2 0
github.com/respondnow/respondnow/server/entry.go:101.46,102.40 1 0
github.com/respondnow/respondnow/server/entry.go:102.40,104.3 1 0
github.com/respondnow/respondnow/server/entry.go:107.97,113.12 2 0
github.com/respondnow/respondnow/server/entry.go:113.12,115.77 2 0
github.com/respondnow/respondnow/server/entry.go:115.77,117.4 1 0
github.com/respondnow/respondnow/server/entry.go:120.2,120.12 1 0
github.com/respondnow/respondnow/server/entry.go:123.58,128.42 4 0
github.com/respondnow/respondnow/server/entry.go:128.42,130.3 1 0
github.com/respondnow/respondnow/server/entry.go:131.2,131.50 1 0
github.com/respondnow/respondnow/server/cmd/main.go:25.13,27.2 1 0
github.com/respondnow/respondnow/server/config/config.go:16.50,18.16 2 0
github.com/respondnow/respondnow/server/config/config.go:18.16,20.3 1 0
github.com/respondnow/respondnow/server/config/config.go:21.2,22.22 2 0
github.com/respondnow/respondnow/server/config/config.go:22.22,23.51 1 0
github.com/respondnow/respondnow/server/config/config.go:23.51,25.4 1 0
github.com/respondnow/respondnow/server/config/config.go:26.3,26.18 1 0
github.com/respondnow/respondnow/server/config/config.go:28.2,28.50 1 0
github.com/respondnow/respondnow/server/config/config.go:28.50,30.3 1 0
github.com/respondnow/respondnow/server/config/config.go:31.2,31.17 1 0
github.com/respondnow/respondnow/server/docs/docs.go:198.13,200.2 1 0
github.com/respondnow/respondnow/server/pkg/api/api.go:11.67,12.23 1 0
github.com/respondnow/respondnow/server/pkg/api/api.go:12.23,16.3 1 0
github.com/respondnow/respondnow/server/pkg/api/api.go:17.2,19.14 3 0
github.com/respondnow/respondnow/server/pkg/api/api.go:19.14,21.3 1 0
github.com/respondnow/respondnow/server/pkg/api/api.go:22.2,28.3 1 0
github.com/respondnow/respondnow/server/pkg/database/mongodb/collection.go:18.92,20.24 2 0
github.com/respondnow/respondnow/server/pkg/database/mongodb/collection.go:21.26,22.60 1 0
github.com/respondnow/respondnow/server/pkg/database/mongodb/collection.go:23.10,24.52 1 0
github.com/respondnow/respondnow/server/pkg/database/mongodb/database.go:15.30,22.38 6 0
github.com/respondnow/respondnow/server/pkg/database/mongodb/database.go:22.38,28.3 2 0
github.com/respondnow/respondnow/server/pkg/database/mongodb/database.go:30.2,31.16 2 0
github.com/respondnow/respondnow/server/pkg/database/mongodb/database.go:31.16,33.3 1 0
github.com/respondnow/respondnow/server/pkg/database/mongodb/database.go:35.2,38.16 4 0
github.com/respondnow/respondnow/server/pkg/database/mongodb/database.go:38.16,40.3 1 0
github.com/respondnow/respondnow/server/pkg/database/mongodb/database.go:42.2,42.12 1 0
github.com/respondnow/respondnow/server/pkg/database/mongodb/init.go:44.89,49.2 3 0
github.com/respondnow/respondnow/server/pkg/database/mongodb/init.go:52.49,55.35 2 0
github.com/respondnow/respondnow/server/pkg/database/mongodb/init.go:55.35,57.17 2 0
github.com/respondnow/respondnow/server/pkg/database/mongodb/init.go:57.17,59.4 1 0
github.com/respondnow/respondnow/server/pkg/database/mongodb/init.go:62.2,62.12 1 0
github.com/respondnow/respondnow/server/pkg/database/mongodb/init.go:65.88,73.16 4 0
github.com/respondnow/respondnow/server/pkg/database/mongodb/init.go:73.16,75.3 1 0
github.com/respondnow/respondnow/server/pkg/database/mongodb/init.go:76.2,76.18 1 0
github.com/respondnow/respondnow/server/pkg/database/mongodb/init.go:76.18,78.79 2 0
github.com/respondnow/respondnow/server/pkg/database/mongodb/init.go:78.79,80.4 1 0
github.com/respondnow/respondnow/server/pkg/database/mongodb/init.go:81.8,83.3 1 0
github.com/respondnow/respondnow/server/pkg/database/mongodb/init.go:84.2,85.24 2 0
github.com/respondnow/respondnow/server/pkg/database/mongodb/init.go:86.35,88.41 2 0
github.com/respondnow/respondnow/server/pkg/database/mongodb/init.go:89.10,90.82 1 0
github.com/respondnow/respondnow/server/pkg/database/mongodb/init.go:92.2,93.16 2 0
github.com/respondnow/respondnow/server/pkg/database/mongodb/init.go:93.16,95.3 1 0
github.com/respondnow/respondnow/server/pkg/database/mongodb/init.go:96.2,97.26 2 0
github.com/respondnow/respondnow/server/pkg/database/mongodb/init.go:97.26,99.3 1 0
github.com/respondnow/respondnow/server/pkg/database/mongodb/init.go:100.2,100.49 1 0
github.com/respondnow/respondnow/server/pkg/database/mongodb/init.go:100.49,101.40 1 0
github.com/respondnow/respondnow/server/pkg/database/mongodb/init.go:101.40,103.18 2 0
github.com/respondnow/respondnow/server/pkg/database/mongodb/init.go:103.18,105.5 1 0
github.com/respondnow/respondnow/server/pkg/database/mongodb/init.go:106.4,107.12 2 0
github.com/respondnow/respondnow/server/pkg/database/mongodb/init.go:109.3,109.49 1 0
github.com/respondnow/respondnow/server/pkg/database/mongodb/init.go:111.2,111.59 1 0
github.com/respondnow/respondnow/server/pkg/database/mongodb/init.go:111.59,112.41 1 0
github.com/respondnow/respondnow/server/pkg/database/mongodb/init.go:112.41,114.18 2 0
github.com/respondnow/respondnow/server/pkg/database/mongodb/init.go:114.18,116.5 1 0
github.com/respondnow/respondnow/server/pkg/database/mongodb/init.go:117.4,118.12 2 0
github.com/respondnow/respondnow/server/pkg/database/mongodb/init.go:120.3,120.45 1 0
github.com/respondnow/respondnow/server/pkg/database/mongodb/init.go:123.2,123.12 1 0
github.com/respondnow/respondnow/server/pkg/database/mongodb/operations.go:52.69,54.16 2 0
github.com/respondnow/respondnow/server/pkg/database/mongodb/operations.go:54.16,56.3 1 0
github.com/respondnow/respondnow/server/pkg/database/mongodb/operations.go:57.2,58.16 2 0
github.com/respondnow/respondnow/server/pkg/database/mongodb/operations.go:58.16,60.3 1 0
github.com/respondnow/respondnow/server/pkg/database/mongodb/operations.go:62.2,62.17 1 0
github.com/respondnow/respondnow/server/pkg/database/mongodb/operations.go:67.71,69.16 2 0
github.com/respondnow/respondnow/server/pkg/database/mongodb/operations.go:69.16,71.3 1 0
github.com/respondnow/respondnow/server/pkg/database/mongodb/operations.go:72.2,73.16 2 0
github.com/respondnow/respondnow/server/pkg/database/mongodb/operations.go:73.16,75.3 1 0
github.com/respondnow/respondnow/server/pkg/database/mongodb/operations.go:76.2,76.17 1 0
github.com/respondnow/respondnow/server/pkg/database/mongodb/operations.go:80.174,82.16 2 0
github.com/respondnow/respondnow/server/pkg/database/mongodb/operations.go:82.16,84.3 1 0
github.com/respondnow/respondnow/server/pkg/database/mongodb/operations.go:85.2,86.16 2 0
github.com/respondnow/respondnow/server/pkg/database/mongodb/operations.go:86.16,88.3 1 0
github.com/respondnow/respondnow/server/pkg/database/mongodb/operations.go:90.2,90.20 1 0
github.com/respondnow/respondnow/server/pkg/database/mongodb/operations.go:95.64,97.16 2 0
github.com/respondnow/respondnow/server/pkg/database/mongodb/operations.go:97.16,99.3 1 0
github.com/respondnow/respondnow/server/pkg/database/mongodb/operations.go:101.2,105.20 4 0
github.com/respondnow/respondnow/server/pkg/database/mongodb/operations.go:110.55,112.16 2 0
github.com/respondnow/respondnow/server/pkg/database/mongodb/operations.go:112.16,114.3 1 0
github.com/respondnow/respondnow/server/pkg/database/mongodb/operations.go:116.2,117.27 2 0
github.com/respondnow/respondnow/server/pkg/database/mongodb/operations.go:117.27,118.25 1 0
github.com/respondnow/respondnow/server/pkg/database/mongodb/operations.go:118.25,120.9 2 0
github.com/respondnow/respondnow/server/pkg/database/mongodb/operations.go:124.2,124.8 1 0
github.com/respondnow/respondnow/server/pkg/database/mongodb/operations.go:124.8,127.3 2 0
github.com/respondnow/respondnow/server/pkg/database/mongodb/operations.go:129.2,130.16 2 0
github.com/respondnow/respondnow/server/pkg/database/mongodb/operations.go:130.16,132.3 1 0
github.com/respondnow/respondnow/server/pkg/database/mongodb/operations.go:134.2,134.20 1 0
github.com/respondnow/respondnow/server/pkg/database/mongodb/operations.go:139.63,142.16 3 0
github.com/respondnow/respondnow/server/pkg/database/mongodb/operations.go:142.16,144.3 1 0
github.com/respondnow/respondnow/server/pkg/database/mongodb/operations.go:145.2,146.16 2 0
github.com/respondnow/respondnow/server/pkg/database/mongodb/operations.go:146.16,148.3 1 0
github.com/respondnow/respondnow/server/pkg/database/mongodb/operations.go:149.2,149.20 1 0
github.com/respondnow/respondnow/server/pkg/database/mongodb/operations.go:154.63,157.16 3 0
github.com/respondnow/respondnow/server/pkg/database/mongodb/operations.go:157.16,159.3 1 0
github.com/respondnow/respondnow/server/pkg/database/mongodb/operations.go:161.2,162.16 2 0
github.com/respondnow/respondnow/server/pkg/database/mongodb/operations.go:162.16,164.3 1 0
github.com/respondnow/respondnow/server/pkg/database/mongodb/operations.go:165.2,165.20 1 0
github.com/respondnow/respondnow/server/pkg/database/mongodb/operations.go:170.63,173.16 3 0
github.com/respondnow/respondnow/server/pkg/database/mongodb/operations.go:173.16,175.3 1 0
github.com/respondnow/respondnow/server/pkg/database/mongodb/operations.go:176.2,177.16 2 0
github.com/respondnow/respondnow/server/pkg/database/mongodb/operations.go:177.16,179.3 1 0
github.com/respondnow/respondnow/server/pkg/database/mongodb/operations.go:180.2,180.20 1 0
github.com/respondnow/respondnow/server/pkg/database/mongodb/operations.go:185.56,188.16 3 0
github.com/respondnow/respondnow/server/pkg/database/mongodb/operations.go:188.16,190.3 1 0
github.com/respondnow/respondnow/server/pkg/database/mongodb/operations.go:192.2,194.16 3 0
github.com/respondnow/respondnow/server/pkg/database/mongodb/operations.go:194.16,196.3 1 0
github.com/respondnow/respondnow/server/pkg/database/mongodb/operations.go:197.2,197.20 1 0
github.com/respondnow/respondnow/server/pkg/database/mongodb/operations.go:202.63,205.16 3 0
github.com/respondnow/respondnow/server/pkg/database/mongodb/operations.go:205.16,207.3 1 0
github.com/respondnow/respondnow/server/pkg/database/mongodb/operations.go:208.2,209.16 2 0
github.com/respondnow/respondnow/server/pkg/database/mongodb/operations.go:209.16,211.3 1 0
github.com/respondnow/respondnow/server/pkg/database/mongodb/operations.go:212.2,212.20 1 0
github.com/respondnow/respondnow/server/pkg/database/mongodb/operations.go:217.68,220.16 3 0
github.com/respondnow/respondnow/server/pkg/database/mongodb/operations.go:220.16,222.3 1 0
github.com/respondnow/respondnow/server/pkg/database/mongodb/operations.go:224.2,225.27 2 0
github.com/respondnow/respondnow/server/pkg/database/mongodb/operations.go:225.27,226.25 1 0
github.com/respondnow/respondnow/server/pkg/database/mongodb/operations.go:226.25,228.9 2 0
github.com/respondnow/respondnow/server/pkg/database/mongodb/operations.go:232.2,232.8 1 0
github.com/respondnow/respondnow/server/pkg/database/mongodb/operations.go:232.8,235.3 2 0
github.com/respondnow/respondnow/server/pkg/database/mongodb/operations.go:237.2,238.16 2 0
github.com/respondnow/respondnow/server/pkg/database/mongodb/operations.go:238.16,240.3 1 0
github.com/respondnow/respondnow/server/pkg/database/mongodb/operations.go:241.2,241.20 1 0
github.com/respondnow/respondnow/server/pkg/database/mongodb/operations.go:245.82,247.16 2 0
github.com/respondnow/respondnow/server/pkg/database/mongodb/operations.go:247.16,249.3 1 0
github.com/respondnow/respondnow/server/pkg/database/mongodb/operations.go:251.2,252.27 2 0
github.com/respondnow/respondnow/server/pkg/database/mongodb/operations.go:252.27,253.25 1 0
github.com/respondnow/respondnow/server/pkg/database/mongodb/operations.go:253.25,255.9 2 0
github.com/respondnow/respondnow/server/pkg/database/mongodb/operations.go:259.2,259.8 1 0
github.com/respondnow/respondnow/server/pkg/database/mongodb/operations.go:259.8,262.3 2 0
github.com/respondnow/respondnow/server/pkg/database/mongodb/operations.go:264.2,265.16 2 0
github.com/respondnow/respondnow/server/pkg/database/mongodb/operations.go:265.16,267.3 1 0
github.com/respondnow/respondnow/server/pkg/database/mongodb/operations.go:268.2,268.20 1 0
github.com/respondnow/respondnow/server/pkg/database/mongodb/operations.go:272.88,274.2 1 0
github.com/respondnow/respondnow/server/pkg/database/mongodb/operations.go:276.102,278.16 2 0
github.com/respondnow/respondnow/server/pkg/database/mongodb/operations.go:278.16,280.3 1 0
github.com/respondnow/respondnow/server/pkg/database/mongodb/operations.go:282.2,282.17 1 0
github.com/respondnow/respondnow/server/pkg/database/mongodb/operations.go:285.119,287.16 2 0
github.com/respondnow/respondnow/server/pkg/database/mongodb/operations.go:287.16,289.3 1 0
github.com/respondnow/respondnow/server/pkg/database/mongodb/operations.go:291.2,291.18 1 0
github.com/respondnow/respondnow/server/pkg/database/mongodb/incident/operations.go:13.44,28.16 4 0
github.com/respondnow/respondnow/server/pkg/database/mongodb/incident/operations.go:28.16,30.3 1 0
github.com/respondnow/respondnow/server/pkg/database/mongodb/incident/operations.go:32.2,34.16 3 0
github.com/respondnow/respondnow/server/pkg/database/mongodb/incident/operations.go:34.16,36.3 1 0
github.com/respondnow/respondnow/server/pkg/database/mongodb/incident/operations.go:37.2,38.16 2 0
github.com/respondnow/respondnow/server/pkg/database/mongodb/incident/operations.go:38.16,40.3 1 0
github.com/respondnow/respondnow/server/pkg/database/mongodb/incident/operations.go:43.2,43.22 1 0
github.com/respondnow/respondnow/server/pkg/database/mongodb/incident/operations.go:43.22,45.3 1 0
github.com/respondnow/respondnow/server/pkg/database/mongodb/incident/operations.go:47.2,47.30 1 0
github.com/respondnow/respondnow/server/pkg/database/mongodb/incident/repository.go:19.82,23.2 1 0
github.com/respondnow/respondnow/server/pkg/prometheus/prometheus.go:52.13,59.2 6 0
github.com/respondnow/respondnow/server/utils/jwt.go:24.31,25.25 1 0
github.com/respondnow/respondnow/server/utils/jwt.go:25.25,27.3 1 0
github.com/respondnow/respondnow/server/utils/jwt.go:28.2,28.33 1 0
github.com/respondnow/respondnow/server/utils/jwt.go:31.102,52.19 9 0
github.com/respondnow/respondnow/server/utils/jwt.go:52.19,54.3 1 0
github.com/respondnow/respondnow/server/utils/jwt.go:56.2,58.16 3 0
github.com/respondnow/respondnow/server/utils/jwt.go:58.16,60.3 1 0
github.com/respondnow/respondnow/server/utils/jwt.go:62.2,62.55 1 0
github.com/respondnow/respondnow/server/utils/misc.go:10.47,12.19 2 0
github.com/respondnow/respondnow/server/utils/misc.go:12.19,14.3 1 0
github.com/respondnow/respondnow/server/utils/misc.go:15.2,15.18 1 0
github.com/respondnow/respondnow/server/utils/misc.go:18.42,19.28 1 0
github.com/respondnow/respondnow/server/utils/misc.go:20.36,21.14 1 0
github.com/respondnow/respondnow/server/utils/misc.go:22.10,23.15 1 0
github.com/respondnow/respondnow/server/utils/respository.go:16.23,18.2 1 0
github.com/respondnow/respondnow/server/utils/restCall.go:21.59,22.35 1 0
github.com/respondnow/respondnow/server/utils/restCall.go:22.35,24.3 1 0
github.com/respondnow/respondnow/server/utils/restCall.go:27.75,28.35 1 0
github.com/respondnow/respondnow/server/utils/restCall.go:28.35,30.3 1 0
github.com/respondnow/respondnow/server/utils/restCall.go:33.67,34.35 1 0
github.com/respondnow/respondnow/server/utils/restCall.go:34.35,36.3 1 0
github.com/respondnow/respondnow/server/utils/restCall.go:39.63,40.35 1 0
github.com/respondnow/respondnow/server/utils/restCall.go:40.35,42.3 1 0
github.com/respondnow/respondnow/server/utils/restCall.go:45.127,56.24 2 0
github.com/respondnow/respondnow/server/utils/restCall.go:56.24,58.3 1 0
github.com/respondnow/respondnow/server/utils/restCall.go:60.2,63.39 3 0
github.com/respondnow/respondnow/server/utils/restCall.go:63.39,73.3 2 0
github.com/respondnow/respondnow/server/utils/restCall.go:75.2,75.23 1 0
github.com/respondnow/respondnow/server/utils/restCall.go:75.23,77.3 1 0
github.com/respondnow/respondnow/server/utils/restCall.go:77.8,79.3 1 0
github.com/respondnow/respondnow/server/utils/restCall.go:82.2,83.16 2 0
github.com/respondnow/respondnow/server/utils/restCall.go:83.16,85.3 1 0
github.com/respondnow/respondnow/server/utils/restCall.go:88.2,88.34 1 0
github.com/respondnow/respondnow/server/utils/restCall.go:88.34,90.3 1 0
github.com/respondnow/respondnow/server/utils/restCall.go:93.2,94.40 2 0
github.com/respondnow/respondnow/server/utils/restCall.go:94.40,96.17 2 0
github.com/respondnow/respondnow/server/utils/restCall.go:96.17,97.9 1 0
github.com/respondnow/respondnow/server/utils/restCall.go:100.3,100.34 1 0
github.com/respondnow/respondnow/server/utils/restCall.go:103.2,103.16 1 0
github.com/respondnow/respondnow/server/utils/restCall.go:103.16,105.3 1 0
github.com/respondnow/respondnow/server/utils/restCall.go:107.2,107.37 1 0
github.com/respondnow/respondnow/server/utils/restCall.go:107.37,109.3 1 0
github.com/respondnow/respondnow/server/utils/restCall.go:110.2,113.16 3 0
github.com/respondnow/respondnow/server/utils/restCall.go:113.16,115.3 1 0
github.com/respondnow/respondnow/server/utils/restCall.go:117.2,120.35 2 0
github.com/respondnow/respondnow/server/pkg/database/mongodb/index/incident.go:12.40,38.2 1 0
github.com/respondnow/respondnow/server/pkg/database/mongodb/index/schema.go:15.69,17.32 2 0
github.com/respondnow/respondnow/server/pkg/database/mongodb/index/schema.go:17.32,18.21 1 0
github.com/respondnow/respondnow/server/pkg/database/mongodb/index/schema.go:18.21,20.4 1 0
github.com/respondnow/respondnow/server/pkg/database/mongodb/index/schema.go:22.2,22.12 1 0
github.com/respondnow/respondnow/server/pkg/database/mongodb/index/schema.go:25.61,27.32 2 0
github.com/respondnow/respondnow/server/pkg/database/mongodb/index/schema.go:27.32,28.22 1 0
github.com/respondnow/respondnow/server/pkg/database/mongodb/index/schema.go:28.22,30.4 1 0
github.com/respondnow/respondnow/server/pkg/database/mongodb/index/schema.go:32.2,32.12 1 0
github.com/respondnow/respondnow/server/version/version.go:35.40,38.16 3 0
github.com/respondnow/respondnow/server/version/version.go:38.16,40.3 1 0
github.com/respondnow/respondnow/server/version/version.go:42.2,43.96 2 0
github.com/respondnow/respondnow/server/version/version.go:43.96,45.3 1 0
github.com/respondnow/respondnow/server/version/version.go:45.8,47.3 1 0
github.com/respondnow/respondnow/server/version/version.go:49.2,50.16 2 0
github.com/respondnow/respondnow/server/version/version.go:50.16,52.3 1 0
github.com/respondnow/respondnow/server/version/version.go:54.2,56.16 3 0
github.com/respondnow/respondnow/server/version/version.go:56.16,58.3 1 0
github.com/respondnow/respondnow/server/version/version.go:60.2,60.25 1 0
